2019-09-23 18:36:59,989 - root - INFO - Under Construction
2019-09-23 18:37:01,081 - root - INFO - Querying http://xbox-sports.com/leagues/xbshl/index.php?mode=league_rosters
2019-09-23 18:37:01,361 - urllib3.connectionpool - DEBUG - Starting new HTTP connection (1): xbox-sports.com:80
2019-09-23 18:37:02,844 - urllib3.connectionpool - DEBUG - http://xbox-sports.com:80 "GET /leagues/xbshl/index.php?mode=league_rosters HTTP/1.1" 200 None
2019-09-23 18:37:02,848 - root - INFO - Success!
2019-09-23 18:37:03,229 - root - INFO - Querying http://xbox-sports.com/leagues/xbshl/index.php?mode=game&game_id=4561
2019-09-23 18:37:03,231 - urllib3.connectionpool - DEBUG - Starting new HTTP connection (1): xbox-sports.com:80
2019-09-23 18:37:05,394 - urllib3.connectionpool - DEBUG - http://xbox-sports.com:80 "GET /leagues/xbshl/index.php?mode=game&game_id=4561 HTTP/1.1" 200 None
2019-09-23 18:37:05,395 - root - INFO - Success!
2019-09-23 18:38:05,663 - root - INFO - Querying http://xbox-sports.com/leagues/xbshl/index.php?mode=league_rosters
2019-09-23 18:38:05,673 - urllib3.connectionpool - DEBUG - Starting new HTTP connection (1): xbox-sports.com:80
2019-09-23 18:38:06,665 - urllib3.connectionpool - DEBUG - http://xbox-sports.com:80 "GET /leagues/xbshl/index.php?mode=league_rosters HTTP/1.1" 200 None
2019-09-23 18:38:06,669 - root - INFO - Success!
2019-09-23 18:38:07,017 - root - INFO - Querying http://xbox-sports.com/leagues/xbshl/index.php?mode=game&game_id=4561
2019-09-23 18:38:07,019 - urllib3.connectionpool - DEBUG - Starting new HTTP connection (1): xbox-sports.com:80
2019-09-23 18:38:08,303 - urllib3.connectionpool - DEBUG - http://xbox-sports.com:80 "GET /leagues/xbshl/index.php?mode=game&game_id=4561 HTTP/1.1" 200 None
2019-09-23 18:38:08,305 - root - INFO - Success!
2019-09-23 20:15:21,795 - root - ERROR - Invalid alias: The name clear can't be aliased because it is another magic command.
2019-09-23 20:15:21,797 - root - ERROR - Invalid alias: The name more can't be aliased because it is another magic command.
2019-09-23 20:15:21,797 - root - ERROR - Invalid alias: The name less can't be aliased because it is another magic command.
2019-09-23 20:15:21,797 - root - ERROR - Invalid alias: The name man can't be aliased because it is another magic command.
2019-09-23 20:15:26,368 - root - INFO - Under Construction
2019-09-23 20:15:27,297 - root - INFO - Querying http://xbox-sports.com/leagues/xbshl/index.php?mode=league_rosters
2019-09-23 20:15:27,409 - urllib3.connectionpool - DEBUG - Starting new HTTP connection (1): xbox-sports.com:80
2019-09-23 20:15:28,388 - urllib3.connectionpool - DEBUG - http://xbox-sports.com:80 "GET /leagues/xbshl/index.php?mode=league_rosters HTTP/1.1" 200 None
2019-09-23 20:15:28,392 - root - INFO - Success!
2019-09-23 20:15:28,747 - root - INFO - Querying http://xbox-sports.com/leagues/xbshl/index.php?mode=game&game_id=4561
2019-09-23 20:15:28,749 - urllib3.connectionpool - DEBUG - Starting new HTTP connection (1): xbox-sports.com:80
2019-09-23 20:15:30,027 - urllib3.connectionpool - DEBUG - http://xbox-sports.com:80 "GET /leagues/xbshl/index.php?mode=game&game_id=4561 HTTP/1.1" 200 None
2019-09-23 20:15:30,029 - root - INFO - Success!
2019-09-23 20:50:28,550 - root - ERROR - Invalid alias: The name clear can't be aliased because it is another magic command.
2019-09-23 20:50:28,550 - root - ERROR - Invalid alias: The name more can't be aliased because it is another magic command.
2019-09-23 20:50:28,550 - root - ERROR - Invalid alias: The name less can't be aliased because it is another magic command.
2019-09-23 20:50:28,550 - root - ERROR - Invalid alias: The name man can't be aliased because it is another magic command.
2019-09-23 20:50:56,209 - root - INFO - Under Construction
2019-09-23 20:50:57,773 - root - INFO - Querying http://xbox-sports.com/leagues/xbshl/index.php?mode=league_rosters
2019-09-23 20:50:57,839 - urllib3.connectionpool - DEBUG - Starting new HTTP connection (1): xbox-sports.com:80
2019-09-23 20:50:58,814 - urllib3.connectionpool - DEBUG - http://xbox-sports.com:80 "GET /leagues/xbshl/index.php?mode=league_rosters HTTP/1.1" 200 None
2019-09-23 20:50:58,823 - root - INFO - Success!
2019-09-23 20:50:59,182 - root - INFO - Querying http://xbox-sports.com/leagues/xbshl/index.php?mode=game&game_id=4561
2019-09-23 20:50:59,184 - urllib3.connectionpool - DEBUG - Starting new HTTP connection (1): xbox-sports.com:80
2019-09-23 20:51:00,034 - urllib3.connectionpool - DEBUG - http://xbox-sports.com:80 "GET /leagues/xbshl/index.php?mode=game&game_id=4561 HTTP/1.1" 200 None
2019-09-23 20:51:00,037 - root - INFO - Success!
2019-09-23 21:32:41,933 - root - ERROR - Invalid alias: The name clear can't be aliased because it is another magic command.
2019-09-23 21:32:41,934 - root - ERROR - Invalid alias: The name more can't be aliased because it is another magic command.
2019-09-23 21:32:41,934 - root - ERROR - Invalid alias: The name less can't be aliased because it is another magic command.
2019-09-23 21:32:41,934 - root - ERROR - Invalid alias: The name man can't be aliased because it is another magic command.
2019-09-23 21:32:46,925 - root - INFO - Under Construction
2019-09-23 21:32:47,160 - root - INFO - Querying http://xbox-sports.com/leagues/xbshl/index.php?mode=league_rosters
2019-09-23 21:32:47,223 - urllib3.connectionpool - DEBUG - Starting new HTTP connection (1): xbox-sports.com:80
2019-09-23 21:32:48,263 - urllib3.connectionpool - DEBUG - http://xbox-sports.com:80 "GET /leagues/xbshl/index.php?mode=league_rosters HTTP/1.1" 200 None
2019-09-23 21:32:48,281 - root - INFO - Success!
2019-09-23 21:32:48,638 - root - INFO - Querying http://xbox-sports.com/leagues/xbshl/index.php?mode=game&game_id=4561
2019-09-23 21:32:48,641 - urllib3.connectionpool - DEBUG - Starting new HTTP connection (1): xbox-sports.com:80
2019-09-23 21:32:49,437 - urllib3.connectionpool - DEBUG - http://xbox-sports.com:80 "GET /leagues/xbshl/index.php?mode=game&game_id=4561 HTTP/1.1" 200 None
2019-09-23 21:32:49,440 - root - INFO - Success!
2019-09-23 21:33:20,825 - root - ERROR - Invalid alias: The name clear can't be aliased because it is another magic command.
2019-09-23 21:33:20,825 - root - ERROR - Invalid alias: The name more can't be aliased because it is another magic command.
2019-09-23 21:33:20,825 - root - ERROR - Invalid alias: The name less can't be aliased because it is another magic command.
2019-09-23 21:33:20,826 - root - ERROR - Invalid alias: The name man can't be aliased because it is another magic command.
2019-09-23 21:33:24,426 - root - INFO - Under Construction
2019-09-23 21:33:24,432 - root - INFO - Querying http://xbox-sports.com/leagues/xbshl/index.php?mode=league_rosters
2019-09-23 21:33:24,451 - urllib3.connectionpool - DEBUG - Starting new HTTP connection (1): xbox-sports.com:80
2019-09-23 21:33:25,275 - urllib3.connectionpool - DEBUG - http://xbox-sports.com:80 "GET /leagues/xbshl/index.php?mode=league_rosters HTTP/1.1" 200 None
2019-09-23 21:33:25,296 - root - INFO - Success!
2019-09-23 21:33:25,664 - root - INFO - Querying http://xbox-sports.com/leagues/xbshl/index.php?mode=game&game_id=4561
2019-09-23 21:33:25,666 - urllib3.connectionpool - DEBUG - Starting new HTTP connection (1): xbox-sports.com:80
2019-09-23 21:33:26,498 - urllib3.connectionpool - DEBUG - http://xbox-sports.com:80 "GET /leagues/xbshl/index.php?mode=game&game_id=4561 HTTP/1.1" 200 None
2019-09-23 21:33:26,502 - root - INFO - Success!
2019-09-23 21:33:49,041 - root - ERROR - Invalid alias: The name clear can't be aliased because it is another magic command.
2019-09-23 21:33:49,041 - root - ERROR - Invalid alias: The name more can't be aliased because it is another magic command.
2019-09-23 21:33:49,041 - root - ERROR - Invalid alias: The name less can't be aliased because it is another magic command.
2019-09-23 21:33:49,041 - root - ERROR - Invalid alias: The name man can't be aliased because it is another magic command.
2019-09-23 21:33:52,747 - root - INFO - Under Construction
2019-09-23 21:33:52,753 - root - INFO - Querying http://xbox-sports.com/leagues/xbshl/index.php?mode=league_rosters
2019-09-23 21:33:52,772 - urllib3.connectionpool - DEBUG - Starting new HTTP connection (1): xbox-sports.com:80
2019-09-23 21:33:53,640 - urllib3.connectionpool - DEBUG - http://xbox-sports.com:80 "GET /leagues/xbshl/index.php?mode=league_rosters HTTP/1.1" 200 None
2019-09-23 21:33:53,660 - root - INFO - Success!
2019-09-23 21:33:54,026 - root - INFO - Querying http://xbox-sports.com/leagues/xbshl/index.php?mode=game&game_id=4561
2019-09-23 21:33:54,042 - urllib3.connectionpool - DEBUG - Starting new HTTP connection (1): xbox-sports.com:80
2019-09-23 21:33:54,831 - urllib3.connectionpool - DEBUG - http://xbox-sports.com:80 "GET /leagues/xbshl/index.php?mode=game&game_id=4561 HTTP/1.1" 200 None
2019-09-23 21:33:54,833 - root - INFO - Success!
2019-09-23 21:40:23,847 - root - ERROR - Invalid alias: The name clear can't be aliased because it is another magic command.
2019-09-23 21:40:23,847 - root - ERROR - Invalid alias: The name more can't be aliased because it is another magic command.
2019-09-23 21:40:23,847 - root - ERROR - Invalid alias: The name less can't be aliased because it is another magic command.
2019-09-23 21:40:23,847 - root - ERROR - Invalid alias: The name man can't be aliased because it is another magic command.
2019-09-23 21:40:27,060 - root - INFO - Under Construction
2019-09-23 21:40:50,129 - root - ERROR - Invalid alias: The name clear can't be aliased because it is another magic command.
2019-09-23 21:40:50,129 - root - ERROR - Invalid alias: The name more can't be aliased because it is another magic command.
2019-09-23 21:40:50,130 - root - ERROR - Invalid alias: The name less can't be aliased because it is another magic command.
2019-09-23 21:40:50,130 - root - ERROR - Invalid alias: The name man can't be aliased because it is another magic command.
2019-09-23 21:40:52,410 - root - INFO - Under Construction
2019-09-23 21:40:53,574 - root - INFO - Querying http://xbox-sports.com/leagues/xbshl/index.php?mode=league_rosters
2019-09-23 21:40:53,645 - urllib3.connectionpool - DEBUG - Starting new HTTP connection (1): xbox-sports.com:80
2019-09-23 21:40:54,536 - urllib3.connectionpool - DEBUG - http://xbox-sports.com:80 "GET /leagues/xbshl/index.php?mode=league_rosters HTTP/1.1" 200 None
2019-09-23 21:40:54,551 - root - INFO - Success!
2019-09-23 21:40:55,376 - root - INFO - Querying http://xbox-sports.com/leagues/xbshl/index.php?mode=game&game_id=4561
2019-09-23 21:40:55,379 - urllib3.connectionpool - DEBUG - Starting new HTTP connection (1): xbox-sports.com:80
2019-09-23 21:40:56,480 - urllib3.connectionpool - DEBUG - http://xbox-sports.com:80 "GET /leagues/xbshl/index.php?mode=game&game_id=4561 HTTP/1.1" 200 None
2019-09-23 21:40:56,482 - root - INFO - Success!
2019-09-23 21:42:59,696 - root - ERROR - Invalid alias: The name clear can't be aliased because it is another magic command.
2019-09-23 21:42:59,697 - root - ERROR - Invalid alias: The name more can't be aliased because it is another magic command.
2019-09-23 21:42:59,697 - root - ERROR - Invalid alias: The name less can't be aliased because it is another magic command.
2019-09-23 21:42:59,697 - root - ERROR - Invalid alias: The name man can't be aliased because it is another magic command.
2019-09-23 21:43:02,167 - root - INFO - Under Construction
2019-09-23 21:43:03,102 - root - INFO - Querying http://xbox-sports.com/leagues/xbshl/index.php?mode=league_rosters
2019-09-23 21:43:03,121 - urllib3.connectionpool - DEBUG - Starting new HTTP connection (1): xbox-sports.com:80
2019-09-23 21:43:04,144 - urllib3.connectionpool - DEBUG - http://xbox-sports.com:80 "GET /leagues/xbshl/index.php?mode=league_rosters HTTP/1.1" 200 None
2019-09-23 21:43:04,160 - root - INFO - Success!
2019-09-23 21:43:04,878 - root - INFO - Querying http://xbox-sports.com/leagues/xbshl/index.php?mode=game&game_id=4561
2019-09-23 21:43:04,881 - urllib3.connectionpool - DEBUG - Starting new HTTP connection (1): xbox-sports.com:80
2019-09-23 21:43:05,783 - urllib3.connectionpool - DEBUG - http://xbox-sports.com:80 "GET /leagues/xbshl/index.php?mode=game&game_id=4561 HTTP/1.1" 200 None
2019-09-23 21:43:05,785 - root - INFO - Success!
2019-09-23 21:43:36,332 - root - ERROR - Invalid alias: The name clear can't be aliased because it is another magic command.
2019-09-23 21:43:36,333 - root - ERROR - Invalid alias: The name more can't be aliased because it is another magic command.
2019-09-23 21:43:36,333 - root - ERROR - Invalid alias: The name less can't be aliased because it is another magic command.
2019-09-23 21:43:36,333 - root - ERROR - Invalid alias: The name man can't be aliased because it is another magic command.
2019-09-23 21:43:38,471 - root - INFO - Under Construction
2019-09-23 21:43:38,478 - root - INFO - Querying http://xbox-sports.com/leagues/xbshl/index.php?mode=league_rosters
2019-09-23 21:43:38,498 - urllib3.connectionpool - DEBUG - Starting new HTTP connection (1): xbox-sports.com:80
2019-09-23 21:43:39,311 - urllib3.connectionpool - DEBUG - http://xbox-sports.com:80 "GET /leagues/xbshl/index.php?mode=league_rosters HTTP/1.1" 200 None
2019-09-23 21:43:39,333 - root - INFO - Success!
2019-09-23 21:43:39,706 - root - INFO - Querying http://xbox-sports.com/leagues/xbshl/index.php?mode=game&game_id=4561
2019-09-23 21:43:39,708 - urllib3.connectionpool - DEBUG - Starting new HTTP connection (1): xbox-sports.com:80
2019-09-23 21:43:40,638 - urllib3.connectionpool - DEBUG - http://xbox-sports.com:80 "GET /leagues/xbshl/index.php?mode=game&game_id=4561 HTTP/1.1" 200 None
2019-09-23 21:43:40,640 - root - INFO - Success!
2019-09-23 21:44:12,253 - root - ERROR - Invalid alias: The name clear can't be aliased because it is another magic command.
2019-09-23 21:44:12,253 - root - ERROR - Invalid alias: The name more can't be aliased because it is another magic command.
2019-09-23 21:44:12,254 - root - ERROR - Invalid alias: The name less can't be aliased because it is another magic command.
2019-09-23 21:44:12,254 - root - ERROR - Invalid alias: The name man can't be aliased because it is another magic command.
2019-09-23 21:44:15,773 - root - INFO - Under Construction
2019-09-23 21:44:17,108 - root - INFO - Querying http://xbox-sports.com/leagues/xbshl/index.php?mode=league_rosters
2019-09-23 21:44:17,127 - urllib3.connectionpool - DEBUG - Starting new HTTP connection (1): xbox-sports.com:80
2019-09-23 21:44:17,914 - urllib3.connectionpool - DEBUG - http://xbox-sports.com:80 "GET /leagues/xbshl/index.php?mode=league_rosters HTTP/1.1" 200 None
2019-09-23 21:44:17,929 - root - INFO - Success!
2019-09-23 21:44:18,275 - root - INFO - Querying http://xbox-sports.com/leagues/xbshl/index.php?mode=game&game_id=4561
2019-09-23 21:44:18,277 - urllib3.connectionpool - DEBUG - Starting new HTTP connection (1): xbox-sports.com:80
2019-09-23 21:44:19,234 - urllib3.connectionpool - DEBUG - http://xbox-sports.com:80 "GET /leagues/xbshl/index.php?mode=game&game_id=4561 HTTP/1.1" 200 None
2019-09-23 21:44:19,237 - root - INFO - Success!
2019-09-23 22:02:26,663 - root - INFO - Querying http://xbox-sports.com/leagues/xbshl/index.php?mode=game&game_id=4561
2019-09-23 22:02:26,671 - urllib3.connectionpool - DEBUG - Starting new HTTP connection (1): xbox-sports.com:80
2019-09-23 22:02:27,453 - urllib3.connectionpool - DEBUG - http://xbox-sports.com:80 "GET /leagues/xbshl/index.php?mode=game&game_id=4561 HTTP/1.1" 200 None
2019-09-23 22:02:27,458 - root - INFO - Success!
2019-09-23 22:02:27,540 - root - INFO - Querying http://xbox-sports.com/leagues/xbshl/index.php?mode=game&game_id=4558
2019-09-23 22:02:27,542 - urllib3.connectionpool - DEBUG - Starting new HTTP connection (1): xbox-sports.com:80
2019-09-23 22:02:28,775 - urllib3.connectionpool - DEBUG - http://xbox-sports.com:80 "GET /leagues/xbshl/index.php?mode=game&game_id=4558 HTTP/1.1" 200 None
2019-09-23 22:02:28,777 - root - INFO - Success!
2019-09-23 22:25:38,767 - root - ERROR - Invalid alias: The name clear can't be aliased because it is another magic command.
2019-09-23 22:25:38,767 - root - ERROR - Invalid alias: The name more can't be aliased because it is another magic command.
2019-09-23 22:25:38,767 - root - ERROR - Invalid alias: The name less can't be aliased because it is another magic command.
2019-09-23 22:25:38,767 - root - ERROR - Invalid alias: The name man can't be aliased because it is another magic command.
2019-09-23 22:26:16,378 - root - INFO - Under Construction
2019-09-23 22:26:16,697 - root - INFO - Querying http://xbox-sports.com/leagues/xbshl/index.php?mode=league_rosters
2019-09-23 22:26:16,751 - urllib3.connectionpool - DEBUG - Starting new HTTP connection (1): xbox-sports.com:80
2019-09-23 22:26:17,540 - urllib3.connectionpool - DEBUG - http://xbox-sports.com:80 "GET /leagues/xbshl/index.php?mode=league_rosters HTTP/1.1" 200 None
2019-09-23 22:26:17,560 - root - INFO - Success!
2019-09-23 22:26:18,930 - root - INFO - Querying http://xbox-sports.com/leagues/xbshl/index.php?mode=game&game_id=4561
2019-09-23 22:26:18,933 - urllib3.connectionpool - DEBUG - Starting new HTTP connection (1): xbox-sports.com:80
2019-09-23 22:26:20,003 - urllib3.connectionpool - DEBUG - http://xbox-sports.com:80 "GET /leagues/xbshl/index.php?mode=game&game_id=4561 HTTP/1.1" 200 None
2019-09-23 22:26:20,006 - root - INFO - Success!
2019-09-23 22:26:45,102 - root - ERROR - Invalid alias: The name clear can't be aliased because it is another magic command.
2019-09-23 22:26:45,119 - root - ERROR - Invalid alias: The name more can't be aliased because it is another magic command.
2019-09-23 22:26:45,133 - root - ERROR - Invalid alias: The name less can't be aliased because it is another magic command.
2019-09-23 22:26:45,133 - root - ERROR - Invalid alias: The name man can't be aliased because it is another magic command.
2019-09-23 22:26:47,738 - root - INFO - Under Construction
2019-09-23 22:26:47,745 - root - INFO - Querying http://xbox-sports.com/leagues/xbshl/index.php?mode=league_rosters
2019-09-23 22:26:47,760 - urllib3.connectionpool - DEBUG - Starting new HTTP connection (1): xbox-sports.com:80
2019-09-23 22:26:48,596 - urllib3.connectionpool - DEBUG - http://xbox-sports.com:80 "GET /leagues/xbshl/index.php?mode=league_rosters HTTP/1.1" 200 None
2019-09-23 22:26:48,612 - root - INFO - Success!
2019-09-23 22:26:48,973 - root - INFO - Querying http://xbox-sports.com/leagues/xbshl/index.php?mode=game&game_id=4561
2019-09-23 22:26:48,975 - urllib3.connectionpool - DEBUG - Starting new HTTP connection (1): xbox-sports.com:80
2019-09-23 22:26:49,756 - urllib3.connectionpool - DEBUG - http://xbox-sports.com:80 "GET /leagues/xbshl/index.php?mode=game&game_id=4561 HTTP/1.1" 200 None
2019-09-23 22:26:49,758 - root - INFO - Success!
2019-09-23 22:27:54,582 - root - ERROR - Invalid alias: The name clear can't be aliased because it is another magic command.
2019-09-23 22:27:54,582 - root - ERROR - Invalid alias: The name more can't be aliased because it is another magic command.
2019-09-23 22:27:54,582 - root - ERROR - Invalid alias: The name less can't be aliased because it is another magic command.
2019-09-23 22:27:54,582 - root - ERROR - Invalid alias: The name man can't be aliased because it is another magic command.
2019-09-23 22:28:38,936 - root - INFO - Under Construction
2019-09-23 22:28:39,700 - root - INFO - Querying http://xbox-sports.com/leagues/xbshl/index.php?mode=league_rosters
2019-09-23 22:29:37,650 - root - INFO - Querying http://xbox-sports.com/leagues/xbshl/index.php?mode=league_rosters
2019-09-23 22:29:37,659 - urllib3.connectionpool - DEBUG - Starting new HTTP connection (1): xbox-sports.com:80
2019-09-23 22:29:39,036 - urllib3.connectionpool - DEBUG - http://xbox-sports.com:80 "GET /leagues/xbshl/index.php?mode=league_rosters HTTP/1.1" 200 None
2019-09-23 22:29:39,041 - root - INFO - Success!
2019-09-23 22:29:42,428 - root - INFO - Querying http://xbox-sports.com/leagues/xbshl/index.php?mode=game&game_id=4561
2019-09-23 22:29:42,431 - urllib3.connectionpool - DEBUG - Starting new HTTP connection (1): xbox-sports.com:80
2019-09-23 22:29:43,198 - urllib3.connectionpool - DEBUG - http://xbox-sports.com:80 "GET /leagues/xbshl/index.php?mode=game&game_id=4561 HTTP/1.1" 200 None
2019-09-23 22:29:43,201 - root - INFO - Success!
2019-09-23 22:30:54,094 - root - ERROR - Invalid alias: The name clear can't be aliased because it is another magic command.
2019-09-23 22:30:54,094 - root - ERROR - Invalid alias: The name more can't be aliased because it is another magic command.
2019-09-23 22:30:54,094 - root - ERROR - Invalid alias: The name less can't be aliased because it is another magic command.
2019-09-23 22:30:54,094 - root - ERROR - Invalid alias: The name man can't be aliased because it is another magic command.
2019-09-23 22:30:58,717 - root - INFO - Under Construction
2019-09-23 22:30:59,001 - root - INFO - Querying http://xbox-sports.com/leagues/xbshl/index.php?mode=league_rosters
2019-09-23 22:30:59,017 - urllib3.connectionpool - DEBUG - Starting new HTTP connection (1): xbox-sports.com:80
2019-09-23 22:31:00,098 - urllib3.connectionpool - DEBUG - http://xbox-sports.com:80 "GET /leagues/xbshl/index.php?mode=league_rosters HTTP/1.1" 200 None
2019-09-23 22:31:00,114 - root - INFO - Success!
2019-09-23 22:31:01,257 - root - INFO - Querying http://xbox-sports.com/leagues/xbshl/index.php?mode=game&game_id=4561
2019-09-23 22:31:01,260 - urllib3.connectionpool - DEBUG - Starting new HTTP connection (1): xbox-sports.com:80
2019-09-23 22:31:02,242 - urllib3.connectionpool - DEBUG - http://xbox-sports.com:80 "GET /leagues/xbshl/index.php?mode=game&game_id=4561 HTTP/1.1" 200 None
2019-09-23 22:31:02,244 - root - INFO - Success!
2019-09-23 22:32:10,125 - root - ERROR - Invalid alias: The name clear can't be aliased because it is another magic command.
2019-09-23 22:32:10,125 - root - ERROR - Invalid alias: The name more can't be aliased because it is another magic command.
2019-09-23 22:32:10,125 - root - ERROR - Invalid alias: The name less can't be aliased because it is another magic command.
2019-09-23 22:32:10,126 - root - ERROR - Invalid alias: The name man can't be aliased because it is another magic command.
2019-09-23 22:32:17,750 - root - INFO - Under Construction
2019-09-23 22:32:19,261 - root - INFO - Querying http://xbox-sports.com/leagues/xbshl/index.php?mode=league_rosters
2019-09-23 22:32:19,330 - urllib3.connectionpool - DEBUG - Starting new HTTP connection (1): xbox-sports.com:80
2019-09-23 22:32:20,597 - urllib3.connectionpool - DEBUG - http://xbox-sports.com:80 "GET /leagues/xbshl/index.php?mode=league_rosters HTTP/1.1" 200 None
2019-09-23 22:32:20,602 - root - INFO - Success!
2019-09-23 22:32:21,429 - root - INFO - Querying http://xbox-sports.com/leagues/xbshl/index.php?mode=game&game_id=4561
2019-09-23 22:32:21,432 - urllib3.connectionpool - DEBUG - Starting new HTTP connection (1): xbox-sports.com:80
2019-09-23 22:32:23,874 - urllib3.connectionpool - DEBUG - http://xbox-sports.com:80 "GET /leagues/xbshl/index.php?mode=game&game_id=4561 HTTP/1.1" 200 None
2019-09-23 22:32:23,877 - root - INFO - Success!
2019-09-23 22:33:52,639 - root - ERROR - Invalid alias: The name clear can't be aliased because it is another magic command.
2019-09-23 22:33:52,639 - root - ERROR - Invalid alias: The name more can't be aliased because it is another magic command.
2019-09-23 22:33:52,639 - root - ERROR - Invalid alias: The name less can't be aliased because it is another magic command.
2019-09-23 22:33:52,639 - root - ERROR - Invalid alias: The name man can't be aliased because it is another magic command.
2019-09-23 22:33:56,541 - root - INFO - Under Construction
2019-09-23 22:33:56,548 - root - INFO - Querying http://xbox-sports.com/leagues/xbshl/index.php?mode=league_rosters
2019-09-23 22:33:56,579 - urllib3.connectionpool - DEBUG - Starting new HTTP connection (1): xbox-sports.com:80
2019-09-23 22:33:57,663 - urllib3.connectionpool - DEBUG - http://xbox-sports.com:80 "GET /leagues/xbshl/index.php?mode=league_rosters HTTP/1.1" 200 None
2019-09-23 22:33:57,679 - root - INFO - Success!
2019-09-23 22:33:58,611 - root - INFO - Querying http://xbox-sports.com/leagues/xbshl/index.php?mode=game&game_id=4561
2019-09-23 22:33:58,615 - urllib3.connectionpool - DEBUG - Starting new HTTP connection (1): xbox-sports.com:80
2019-09-23 22:33:59,478 - urllib3.connectionpool - DEBUG - http://xbox-sports.com:80 "GET /leagues/xbshl/index.php?mode=game&game_id=4561 HTTP/1.1" 200 None
2019-09-23 22:33:59,480 - root - INFO - Success!
2019-09-23 22:55:58,354 - root - INFO - Querying http://xbox-sports.com/leagues/xbshl/index.php?mode=game&game_id=4549
2019-09-23 22:55:58,362 - urllib3.connectionpool - DEBUG - Starting new HTTP connection (1): xbox-sports.com:80
2019-09-23 22:55:59,455 - urllib3.connectionpool - DEBUG - http://xbox-sports.com:80 "GET /leagues/xbshl/index.php?mode=game&game_id=4549 HTTP/1.1" 200 None
2019-09-23 22:55:59,457 - root - INFO - Success!
2019-09-23 22:56:58,942 - root - INFO - Querying http://xbox-sports.com/leagues/xbshl/index.php?mode=game&game_id=4561
2019-09-23 22:56:58,949 - urllib3.connectionpool - DEBUG - Starting new HTTP connection (1): xbox-sports.com:80
2019-09-23 22:57:00,075 - urllib3.connectionpool - DEBUG - http://xbox-sports.com:80 "GET /leagues/xbshl/index.php?mode=game&game_id=4561 HTTP/1.1" 200 None
2019-09-23 22:57:00,077 - root - INFO - Success!
2019-09-23 22:59:06,586 - root - INFO - Querying http://xbox-sports.com/leagues/xbshl/index.php?mode=game&game_id=4561
2019-09-23 22:59:06,595 - urllib3.connectionpool - DEBUG - Starting new HTTP connection (1): xbox-sports.com:80
2019-09-23 22:59:07,871 - urllib3.connectionpool - DEBUG - http://xbox-sports.com:80 "GET /leagues/xbshl/index.php?mode=game&game_id=4561 HTTP/1.1" 200 None
2019-09-23 22:59:07,874 - root - INFO - Success!
2019-09-23 23:09:03,888 - root - INFO - Querying http://xbox-sports.com/leagues/xbshl/index.php?mode=game&game_id=4561
2019-09-23 23:09:03,950 - urllib3.connectionpool - DEBUG - Starting new HTTP connection (1): xbox-sports.com:80
2019-09-23 23:09:05,069 - urllib3.connectionpool - DEBUG - http://xbox-sports.com:80 "GET /leagues/xbshl/index.php?mode=game&game_id=4561 HTTP/1.1" 200 None
2019-09-23 23:09:05,071 - root - INFO - Success!
2019-09-23 23:10:11,211 - root - ERROR - Invalid alias: The name clear can't be aliased because it is another magic command.
2019-09-23 23:10:11,211 - root - ERROR - Invalid alias: The name more can't be aliased because it is another magic command.
2019-09-23 23:10:11,211 - root - ERROR - Invalid alias: The name less can't be aliased because it is another magic command.
2019-09-23 23:10:11,211 - root - ERROR - Invalid alias: The name man can't be aliased because it is another magic command.
2019-09-23 23:10:14,933 - root - INFO - Under Construction
2019-09-23 23:10:14,939 - root - INFO - Querying http://xbox-sports.com/leagues/xbshl/index.php?mode=league_rosters
2019-09-23 23:10:14,953 - urllib3.connectionpool - DEBUG - Starting new HTTP connection (1): xbox-sports.com:80
2019-09-23 23:10:15,733 - urllib3.connectionpool - DEBUG - http://xbox-sports.com:80 "GET /leagues/xbshl/index.php?mode=league_rosters HTTP/1.1" 200 None
2019-09-23 23:10:15,750 - root - INFO - Success!
2019-09-23 23:10:16,739 - root - INFO - Querying http://xbox-sports.com/leagues/xbshl/index.php?mode=game&game_id=4561
2019-09-23 23:10:16,742 - urllib3.connectionpool - DEBUG - Starting new HTTP connection (1): xbox-sports.com:80
2019-09-23 23:10:17,741 - urllib3.connectionpool - DEBUG - http://xbox-sports.com:80 "GET /leagues/xbshl/index.php?mode=game&game_id=4561 HTTP/1.1" 200 None
2019-09-23 23:10:17,743 - root - INFO - Success!
2019-09-23 23:13:24,759 - root - ERROR - Invalid alias: The name clear can't be aliased because it is another magic command.
2019-09-23 23:13:24,759 - root - ERROR - Invalid alias: The name more can't be aliased because it is another magic command.
2019-09-23 23:13:24,759 - root - ERROR - Invalid alias: The name less can't be aliased because it is another magic command.
2019-09-23 23:13:24,759 - root - ERROR - Invalid alias: The name man can't be aliased because it is another magic command.
2019-09-23 23:13:28,893 - root - INFO - Under Construction
2019-09-23 23:13:28,898 - root - INFO - Querying http://xbox-sports.com/leagues/xbshl/index.php?mode=league_rosters
2019-09-23 23:13:28,915 - urllib3.connectionpool - DEBUG - Starting new HTTP connection (1): xbox-sports.com:80
2019-09-23 23:13:29,738 - urllib3.connectionpool - DEBUG - http://xbox-sports.com:80 "GET /leagues/xbshl/index.php?mode=league_rosters HTTP/1.1" 200 None
2019-09-23 23:13:29,758 - root - INFO - Success!
2019-09-23 23:13:30,120 - root - INFO - Querying http://xbox-sports.com/leagues/xbshl/index.php?mode=game&game_id=4561
2019-09-23 23:13:30,122 - urllib3.connectionpool - DEBUG - Starting new HTTP connection (1): xbox-sports.com:80
2019-09-23 23:13:30,994 - urllib3.connectionpool - DEBUG - http://xbox-sports.com:80 "GET /leagues/xbshl/index.php?mode=game&game_id=4561 HTTP/1.1" 200 None
2019-09-23 23:13:30,996 - root - INFO - Success!
2019-09-23 23:14:41,204 - root - ERROR - Invalid alias: The name clear can't be aliased because it is another magic command.
2019-09-23 23:14:41,204 - root - ERROR - Invalid alias: The name more can't be aliased because it is another magic command.
2019-09-23 23:14:41,204 - root - ERROR - Invalid alias: The name less can't be aliased because it is another magic command.
2019-09-23 23:14:41,204 - root - ERROR - Invalid alias: The name man can't be aliased because it is another magic command.
2019-09-23 23:14:44,820 - root - INFO - Under Construction
2019-09-23 23:14:44,825 - root - INFO - Querying http://xbox-sports.com/leagues/xbshl/index.php?mode=league_rosters
2019-09-23 23:14:44,894 - urllib3.connectionpool - DEBUG - Starting new HTTP connection (1): xbox-sports.com:80
2019-09-23 23:14:45,776 - urllib3.connectionpool - DEBUG - http://xbox-sports.com:80 "GET /leagues/xbshl/index.php?mode=league_rosters HTTP/1.1" 200 None
2019-09-23 23:14:45,794 - root - INFO - Success!
2019-09-23 23:14:46,155 - root - INFO - Querying http://xbox-sports.com/leagues/xbshl/index.php?mode=game&game_id=4561
2019-09-23 23:14:46,157 - urllib3.connectionpool - DEBUG - Starting new HTTP connection (1): xbox-sports.com:80
2019-09-23 23:14:47,025 - urllib3.connectionpool - DEBUG - http://xbox-sports.com:80 "GET /leagues/xbshl/index.php?mode=game&game_id=4561 HTTP/1.1" 200 None
2019-09-23 23:14:47,026 - root - INFO - Success!
2019-09-23 23:16:02,819 - root - ERROR - Invalid alias: The name clear can't be aliased because it is another magic command.
2019-09-23 23:16:02,819 - root - ERROR - Invalid alias: The name more can't be aliased because it is another magic command.
2019-09-23 23:16:02,819 - root - ERROR - Invalid alias: The name less can't be aliased because it is another magic command.
2019-09-23 23:16:02,819 - root - ERROR - Invalid alias: The name man can't be aliased because it is another magic command.
2019-09-23 23:16:06,324 - root - INFO - Under Construction
2019-09-23 23:16:06,329 - root - INFO - Querying http://xbox-sports.com/leagues/xbshl/index.php?mode=league_rosters
2019-09-23 23:16:06,345 - urllib3.connectionpool - DEBUG - Starting new HTTP connection (1): xbox-sports.com:80
2019-09-23 23:16:07,478 - urllib3.connectionpool - DEBUG - http://xbox-sports.com:80 "GET /leagues/xbshl/index.php?mode=league_rosters HTTP/1.1" 200 None
2019-09-23 23:16:07,483 - root - INFO - Success!
2019-09-23 23:16:07,844 - root - INFO - Querying http://xbox-sports.com/leagues/xbshl/index.php?mode=game&game_id=4561
2019-09-23 23:16:07,846 - urllib3.connectionpool - DEBUG - Starting new HTTP connection (1): xbox-sports.com:80
2019-09-23 23:16:09,647 - urllib3.connectionpool - DEBUG - http://xbox-sports.com:80 "GET /leagues/xbshl/index.php?mode=game&game_id=4561 HTTP/1.1" 200 None
2019-09-23 23:16:09,652 - root - INFO - Success!
2019-09-23 23:18:31,731 - root - ERROR - Invalid alias: The name clear can't be aliased because it is another magic command.
2019-09-23 23:18:31,731 - root - ERROR - Invalid alias: The name more can't be aliased because it is another magic command.
2019-09-23 23:18:31,731 - root - ERROR - Invalid alias: The name less can't be aliased because it is another magic command.
2019-09-23 23:18:31,731 - root - ERROR - Invalid alias: The name man can't be aliased because it is another magic command.
2019-09-23 23:18:35,454 - root - INFO - Under Construction
2019-09-23 23:18:36,494 - root - INFO - Querying http://xbox-sports.com/leagues/xbshl/index.php?mode=league_rosters
2019-09-23 23:18:36,510 - urllib3.connectionpool - DEBUG - Starting new HTTP connection (1): xbox-sports.com:80
2019-09-23 23:18:37,690 - urllib3.connectionpool - DEBUG - http://xbox-sports.com:80 "GET /leagues/xbshl/index.php?mode=league_rosters HTTP/1.1" 200 None
2019-09-23 23:18:37,695 - root - INFO - Success!
2019-09-23 23:18:38,665 - root - INFO - Querying http://xbox-sports.com/leagues/xbshl/index.php?mode=game&game_id=4561
2019-09-23 23:18:38,668 - urllib3.connectionpool - DEBUG - Starting new HTTP connection (1): xbox-sports.com:80
2019-09-23 23:18:39,435 - urllib3.connectionpool - DEBUG - http://xbox-sports.com:80 "GET /leagues/xbshl/index.php?mode=game&game_id=4561 HTTP/1.1" 200 None
2019-09-23 23:18:39,438 - root - INFO - Success!
2019-09-23 23:20:27,941 - root - ERROR - Invalid alias: The name clear can't be aliased because it is another magic command.
2019-09-23 23:20:27,941 - root - ERROR - Invalid alias: The name more can't be aliased because it is another magic command.
2019-09-23 23:20:27,941 - root - ERROR - Invalid alias: The name less can't be aliased because it is another magic command.
2019-09-23 23:20:27,942 - root - ERROR - Invalid alias: The name man can't be aliased because it is another magic command.
2019-09-23 23:20:30,298 - root - INFO - Under Construction
2019-09-23 23:20:31,185 - root - INFO - Querying http://xbox-sports.com/leagues/xbshl/index.php?mode=league_rosters
2019-09-23 23:20:31,239 - urllib3.connectionpool - DEBUG - Starting new HTTP connection (1): xbox-sports.com:80
2019-09-23 23:20:32,110 - urllib3.connectionpool - DEBUG - http://xbox-sports.com:80 "GET /leagues/xbshl/index.php?mode=league_rosters HTTP/1.1" 200 None
2019-09-23 23:20:32,121 - root - INFO - Success!
2019-09-23 23:20:32,912 - root - INFO - Querying http://xbox-sports.com/leagues/xbshl/index.php?mode=game&game_id=4561
2019-09-23 23:20:32,915 - urllib3.connectionpool - DEBUG - Starting new HTTP connection (1): xbox-sports.com:80
2019-09-23 23:20:33,846 - urllib3.connectionpool - DEBUG - http://xbox-sports.com:80 "GET /leagues/xbshl/index.php?mode=game&game_id=4561 HTTP/1.1" 200 None
2019-09-23 23:20:33,848 - root - INFO - Success!
2019-09-23 23:21:12,213 - root - ERROR - Invalid alias: The name clear can't be aliased because it is another magic command.
2019-09-23 23:21:12,213 - root - ERROR - Invalid alias: The name more can't be aliased because it is another magic command.
2019-09-23 23:21:12,213 - root - ERROR - Invalid alias: The name less can't be aliased because it is another magic command.
2019-09-23 23:21:12,213 - root - ERROR - Invalid alias: The name man can't be aliased because it is another magic command.
2019-09-23 23:23:10,735 - root - INFO - Under Construction
2019-09-23 23:23:12,106 - root - INFO - Querying http://xbox-sports.com/leagues/xbshl/index.php?mode=league_rosters
2019-09-23 23:23:12,123 - urllib3.connectionpool - DEBUG - Starting new HTTP connection (1): xbox-sports.com:80
2019-09-23 23:23:12,986 - urllib3.connectionpool - DEBUG - http://xbox-sports.com:80 "GET /leagues/xbshl/index.php?mode=league_rosters HTTP/1.1" 200 None
2019-09-23 23:23:13,001 - root - INFO - Success!
2019-09-23 23:23:14,987 - root - INFO - Querying http://xbox-sports.com/leagues/xbshl/index.php?mode=game&game_id=4561
2019-09-23 23:23:14,990 - urllib3.connectionpool - DEBUG - Starting new HTTP connection (1): xbox-sports.com:80
2019-09-23 23:23:17,037 - urllib3.connectionpool - DEBUG - http://xbox-sports.com:80 "GET /leagues/xbshl/index.php?mode=game&game_id=4561 HTTP/1.1" 200 None
2019-09-23 23:23:17,040 - root - INFO - Success!
2019-09-23 23:23:52,887 - root - ERROR - Invalid alias: The name clear can't be aliased because it is another magic command.
2019-09-23 23:23:52,887 - root - ERROR - Invalid alias: The name more can't be aliased because it is another magic command.
2019-09-23 23:23:52,887 - root - ERROR - Invalid alias: The name less can't be aliased because it is another magic command.
2019-09-23 23:23:52,887 - root - ERROR - Invalid alias: The name man can't be aliased because it is another magic command.
2019-09-23 23:23:56,450 - root - INFO - Under Construction
2019-09-23 23:23:57,831 - root - INFO - Querying http://xbox-sports.com/leagues/xbshl/index.php?mode=league_rosters
2019-09-23 23:23:57,844 - urllib3.connectionpool - DEBUG - Starting new HTTP connection (1): xbox-sports.com:80
2019-09-23 23:23:59,004 - urllib3.connectionpool - DEBUG - http://xbox-sports.com:80 "GET /leagues/xbshl/index.php?mode=league_rosters HTTP/1.1" 200 None
2019-09-23 23:23:59,026 - root - INFO - Success!
2019-09-23 23:23:59,743 - root - INFO - Querying http://xbox-sports.com/leagues/xbshl/index.php?mode=game&game_id=4561
2019-09-23 23:23:59,746 - urllib3.connectionpool - DEBUG - Starting new HTTP connection (1): xbox-sports.com:80
2019-09-23 23:24:00,519 - urllib3.connectionpool - DEBUG - http://xbox-sports.com:80 "GET /leagues/xbshl/index.php?mode=game&game_id=4561 HTTP/1.1" 200 None
2019-09-23 23:24:00,521 - root - INFO - Success!
2019-09-23 23:24:25,566 - root - ERROR - Invalid alias: The name clear can't be aliased because it is another magic command.
2019-09-23 23:24:25,566 - root - ERROR - Invalid alias: The name more can't be aliased because it is another magic command.
2019-09-23 23:24:25,566 - root - ERROR - Invalid alias: The name less can't be aliased because it is another magic command.
2019-09-23 23:24:25,566 - root - ERROR - Invalid alias: The name man can't be aliased because it is another magic command.
2019-09-25 13:28:35,549 - root - INFO - Under Construction
2019-09-25 13:28:35,967 - root - INFO - Querying http://xbox-sports.com/leagues/xbshl/index.php?mode=league_rosters
2019-09-25 13:28:36,003 - urllib3.connectionpool - DEBUG - Starting new HTTP connection (1): xbox-sports.com:80
2019-09-25 13:28:36,925 - urllib3.connectionpool - DEBUG - http://xbox-sports.com:80 "GET /leagues/xbshl/index.php?mode=league_rosters HTTP/1.1" 200 None
2019-09-25 13:28:36,981 - root - INFO - Success!
2019-09-25 13:28:37,248 - root - INFO - Querying http://xbox-sports.com/leagues/xbshl/index.php?mode=game&game_id=4549
2019-09-25 13:28:37,250 - urllib3.connectionpool - DEBUG - Starting new HTTP connection (1): xbox-sports.com:80
2019-09-25 13:28:38,105 - urllib3.connectionpool - DEBUG - http://xbox-sports.com:80 "GET /leagues/xbshl/index.php?mode=game&game_id=4549 HTTP/1.1" 200 None
2019-09-25 13:28:38,125 - root - INFO - Success!
2019-09-25 13:32:57,938 - root - INFO - Under Construction
2019-09-25 13:32:58,047 - root - INFO - Querying http://xbox-sports.com/leagues/xbshl/index.php?mode=league_rosters
2019-09-25 13:32:58,054 - urllib3.connectionpool - DEBUG - Starting new HTTP connection (1): xbox-sports.com:80
2019-09-25 13:32:59,193 - urllib3.connectionpool - DEBUG - http://xbox-sports.com:80 "GET /leagues/xbshl/index.php?mode=league_rosters HTTP/1.1" 200 None
2019-09-25 13:32:59,236 - root - INFO - Success!
2019-09-25 13:33:00,279 - root - INFO - Querying http://xbox-sports.com/leagues/xbshl/index.php?mode=game&game_id=4549
2019-09-25 13:33:00,281 - urllib3.connectionpool - DEBUG - Starting new HTTP connection (1): xbox-sports.com:80
2019-09-25 13:33:01,114 - urllib3.connectionpool - DEBUG - http://xbox-sports.com:80 "GET /leagues/xbshl/index.php?mode=game&game_id=4549 HTTP/1.1" 200 None
2019-09-25 13:33:01,133 - root - INFO - Success!
2019-09-25 13:35:24,885 - root - INFO - Under Construction
2019-09-25 13:35:44,545 - root - INFO - Under Construction
2019-09-25 13:35:46,508 - root - INFO - Querying http://xbox-sports.com/leagues/xbshl/index.php?mode=league_rosters
2019-09-25 13:35:46,550 - urllib3.connectionpool - DEBUG - Starting new HTTP connection (1): xbox-sports.com:80
2019-09-25 13:35:47,727 - urllib3.connectionpool - DEBUG - http://xbox-sports.com:80 "GET /leagues/xbshl/index.php?mode=league_rosters HTTP/1.1" 200 None
2019-09-25 13:35:47,768 - root - INFO - Success!
2019-09-25 13:35:48,588 - root - INFO - Querying http://xbox-sports.com/leagues/xbshl/index.php?mode=game&game_id=4549
2019-09-25 13:35:48,589 - urllib3.connectionpool - DEBUG - Starting new HTTP connection (1): xbox-sports.com:80
2019-09-25 13:35:49,466 - urllib3.connectionpool - DEBUG - http://xbox-sports.com:80 "GET /leagues/xbshl/index.php?mode=game&game_id=4549 HTTP/1.1" 200 None
2019-09-25 13:35:49,487 - root - INFO - Success!
2019-09-25 13:44:39,924 - root - INFO - Under Construction
2019-09-25 13:44:40,715 - root - INFO - Querying http://xbox-sports.com/leagues/xbshl/index.php?mode=league_rosters
2019-09-25 13:44:40,747 - urllib3.connectionpool - DEBUG - Starting new HTTP connection (1): xbox-sports.com:80
2019-09-25 13:44:41,687 - urllib3.connectionpool - DEBUG - http://xbox-sports.com:80 "GET /leagues/xbshl/index.php?mode=league_rosters HTTP/1.1" 200 None
2019-09-25 13:44:41,729 - root - INFO - Success!
2019-09-25 13:44:42,595 - root - INFO - Querying http://xbox-sports.com/leagues/xbshl/index.php?mode=game&game_id=4549
2019-09-25 13:44:42,597 - urllib3.connectionpool - DEBUG - Starting new HTTP connection (1): xbox-sports.com:80
2019-09-25 13:44:43,378 - urllib3.connectionpool - DEBUG - http://xbox-sports.com:80 "GET /leagues/xbshl/index.php?mode=game&game_id=4549 HTTP/1.1" 200 None
2019-09-25 13:44:43,398 - root - INFO - Success!
2019-09-25 13:45:08,089 - root - INFO - Querying http://xbox-sports.com/leagues/xbshl/index.php?mode=game&game_id=4549
2019-09-25 13:45:08,091 - urllib3.connectionpool - DEBUG - Starting new HTTP connection (1): xbox-sports.com:80
2019-09-25 13:45:09,104 - urllib3.connectionpool - DEBUG - http://xbox-sports.com:80 "GET /leagues/xbshl/index.php?mode=game&game_id=4549 HTTP/1.1" 200 None
2019-09-25 13:45:09,124 - root - INFO - Success!
2019-09-25 13:45:20,546 - root - INFO - Querying http://xbox-sports.com/leagues/xbshl/index.php?mode=game&game_id=4561
2019-09-25 13:45:20,548 - urllib3.connectionpool - DEBUG - Starting new HTTP connection (1): xbox-sports.com:80
2019-09-25 13:45:21,494 - urllib3.connectionpool - DEBUG - http://xbox-sports.com:80 "GET /leagues/xbshl/index.php?mode=game&game_id=4561 HTTP/1.1" 200 None
2019-09-25 13:45:21,514 - root - INFO - Success!
2019-09-25 13:50:24,359 - root - INFO - Under Construction
2019-09-25 13:50:25,621 - root - INFO - Querying http://xbox-sports.com/leagues/xbshl/index.php?mode=league_rosters
2019-09-25 13:50:25,630 - urllib3.connectionpool - DEBUG - Starting new HTTP connection (1): xbox-sports.com:80
2019-09-25 13:50:26,614 - urllib3.connectionpool - DEBUG - http://xbox-sports.com:80 "GET /leagues/xbshl/index.php?mode=league_rosters HTTP/1.1" 200 None
2019-09-25 13:50:26,652 - root - INFO - Success!
2019-09-25 13:50:27,310 - root - INFO - Querying http://xbox-sports.com/leagues/xbshl/index.php?mode=game&game_id=4561
2019-09-25 13:50:27,311 - urllib3.connectionpool - DEBUG - Starting new HTTP connection (1): xbox-sports.com:80
2019-09-25 13:50:28,179 - urllib3.connectionpool - DEBUG - http://xbox-sports.com:80 "GET /leagues/xbshl/index.php?mode=game&game_id=4561 HTTP/1.1" 200 None
2019-09-25 13:50:28,199 - root - INFO - Success!
2019-09-25 13:51:03,764 - root - INFO - Querying http://xbox-sports.com/leagues/xbshl/index.php?mode=game&game_id=4561
2019-09-25 13:51:03,790 - urllib3.connectionpool - DEBUG - Starting new HTTP connection (1): xbox-sports.com:80
2019-09-25 13:51:04,752 - urllib3.connectionpool - DEBUG - http://xbox-sports.com:80 "GET /leagues/xbshl/index.php?mode=game&game_id=4561 HTTP/1.1" 200 None
2019-09-25 13:51:04,777 - root - INFO - Success!
2019-09-25 13:55:31,518 - root - INFO - Under Construction
2019-09-25 13:55:31,726 - root - INFO - Querying http://xbox-sports.com/leagues/xbshl/index.php?mode=league_rosters
2019-09-25 13:55:31,734 - urllib3.connectionpool - DEBUG - Starting new HTTP connection (1): xbox-sports.com:80
2019-09-25 13:55:32,722 - urllib3.connectionpool - DEBUG - http://xbox-sports.com:80 "GET /leagues/xbshl/index.php?mode=league_rosters HTTP/1.1" 200 None
2019-09-25 13:55:32,785 - root - INFO - Success!
2019-09-25 13:55:33,044 - root - INFO - Querying http://xbox-sports.com/leagues/xbshl/index.php?mode=game&game_id=4561
2019-09-25 13:55:33,046 - urllib3.connectionpool - DEBUG - Starting new HTTP connection (1): xbox-sports.com:80
2019-09-25 13:55:34,053 - urllib3.connectionpool - DEBUG - http://xbox-sports.com:80 "GET /leagues/xbshl/index.php?mode=game&game_id=4561 HTTP/1.1" 200 None
2019-09-25 13:55:34,082 - root - INFO - Success!
2019-09-25 13:56:37,629 - root - INFO - Querying http://xbox-sports.com/leagues/xbshl/index.php?mode=player
2019-09-25 13:56:37,657 - urllib3.connectionpool - DEBUG - Starting new HTTP connection (1): xbox-sports.com:80
2019-09-25 13:56:38,589 - urllib3.connectionpool - DEBUG - http://xbox-sports.com:80 "GET /leagues/xbshl/index.php?mode=player HTTP/1.1" 200 None
2019-09-25 13:56:38,631 - root - INFO - Success!
2019-09-25 13:56:38,713 - root - WARNING - Failed to convert
2019-09-25 13:56:40,259 - root - INFO - Found 421 players
2019-09-25 13:59:51,931 - root - INFO - Querying http://xbox-sports.com/leagues/xbshl/index.php?mode=game&game_id=4549
2019-09-25 13:59:51,933 - urllib3.connectionpool - DEBUG - Starting new HTTP connection (1): xbox-sports.com:80
2019-09-25 13:59:52,981 - urllib3.connectionpool - DEBUG - http://xbox-sports.com:80 "GET /leagues/xbshl/index.php?mode=game&game_id=4549 HTTP/1.1" 200 None
2019-09-25 13:59:53,000 - root - INFO - Success!
